2022-04-04 21:37:22.656 | INFO     | po.common.driver:__chrome_driver:62 - __chrome_driver : chrome driver use success !
2022-04-04 21:37:23.015 | INFO     | po.common.base_page:open:43 - http://www.baidu.com/ > > Loading succeeded!
2022-04-04 21:37:23.016 | INFO     | po.common.myunit:setUp:37 - ----------------- Running case: test_baidu_e -----------------
2022-04-04 21:37:33.051 | ERROR    | po.common.base_page:find_element:127 - Error: not found element：xxxxxxx 
 Message: no such element: Unable to locate element: {"method":"css selector","selector":"[name="xxxxxxx"]"}
  (Session info: chrome=99.0.4844.84)

2022-04-04 21:37:33.051 | INFO     | po.common.myunit:tearDown:40 - end 

2022-04-04 21:37:33.163 | INFO     | po.common.base_page:open:43 - http://www.baidu.com/ > > Loading succeeded!
2022-04-04 21:37:33.163 | INFO     | po.common.myunit:setUp:37 - ----------------- Running case: test_baidu_f -----------------
2022-04-04 21:37:43.819 | INFO     | po.common.base_page:save_screenshot:263 - Success: [test_fail.png] screenshot was saved successfully
2022-04-04 21:37:43.819 | INFO     | po.common.myunit:tearDown:40 - end 

2022-04-04 21:37:43.933 | INFO     | po.common.base_page:open:43 - http://www.baidu.com/ > > Loading succeeded!
2022-04-04 21:37:43.934 | INFO     | po.common.myunit:setUp:37 - ----------------- Running case: test_baidu_s -----------------
2022-04-04 21:37:44.008 | INFO     | po.common.base_page:send_keys:220 - Success: input value 测试
2022-04-04 21:37:44.045 | INFO     | po.common.base_page:click:460 - Success: click the element ['id', 'su']
2022-04-04 21:37:44.159 | INFO     | po.common.base_page:save_screenshot:272 - Success: [test_pass.png] screenshot was saved successfully
2022-04-04 21:37:44.159 | INFO     | po.common.myunit:tearDown:40 - end 

2022-04-04 21:37:46.248 | INFO     | po.common.test_report:run_tc:72 - Test report generated successfully [baidu_2022-04-04 21_37_21.html]
2022-04-04 21:37:49.307 | ERROR    | po.utils.send_email:send:65 - Error: Failed to send email 
 Connection unexpectedly closed
2022-04-04 21:39:30.034 | INFO     | po.common.test_report:test_report:35 - Test report generated successfully [D:\gitproject\automated_ui\po\report\test_report\baidu_2022-04-04 21_39_30.html]
2022-04-04 21:39:31.185 | INFO     | po.common.driver:__chrome_driver:62 - __chrome_driver : chrome driver use success !
2022-04-04 21:39:31.536 | INFO     | po.common.base_page:open:43 - http://www.baidu.com/ > > Loading succeeded!
2022-04-04 21:39:31.537 | INFO     | po.common.myunit:setUp:37 - ----------------- Running case: test_baidu_e -----------------
2022-04-04 21:39:41.583 | ERROR    | po.common.base_page:find_element:127 - Error: not found element：xxxxxxx 
 Message: no such element: Unable to locate element: {"method":"css selector","selector":"[name="xxxxxxx"]"}
  (Session info: chrome=99.0.4844.84)

2022-04-04 21:39:41.584 | INFO     | po.common.myunit:tearDown:40 - end 

2022-04-04 21:39:41.794 | INFO     | po.common.base_page:open:43 - http://www.baidu.com/ > > Loading succeeded!
2022-04-04 21:39:41.794 | INFO     | po.common.myunit:setUp:37 - ----------------- Running case: test_baidu_f -----------------
2022-04-04 21:39:52.434 | INFO     | po.common.base_page:save_screenshot:263 - Success: [test_fail.png] screenshot was saved successfully
2022-04-04 21:39:52.434 | INFO     | po.common.myunit:tearDown:40 - end 

2022-04-04 21:39:52.645 | INFO     | po.common.base_page:open:43 - http://www.baidu.com/ > > Loading succeeded!
2022-04-04 21:39:52.645 | INFO     | po.common.myunit:setUp:37 - ----------------- Running case: test_baidu_s -----------------
2022-04-04 21:39:52.718 | INFO     | po.common.base_page:send_keys:220 - Success: input value 测试
2022-04-04 21:39:52.751 | INFO     | po.common.base_page:click:460 - Success: click the element ['id', 'su']
2022-04-04 21:39:52.853 | INFO     | po.common.base_page:save_screenshot:272 - Success: [test_pass.png] screenshot was saved successfully
2022-04-04 21:39:52.853 | INFO     | po.common.myunit:tearDown:40 - end 

2022-04-04 21:39:58.009 | ERROR    | po.utils.send_email:send:65 - Error: Failed to send email 
 Connection unexpectedly closed
